<?xml version="1.0" encoding="UTF-8"?>
<!-- Generated by org.testng.reporters.JUnitReportReporter -->
<testsuite hostname="DESKTOP-N3LRL61" failures="0" tests="7" name="Com.QA.test.LoginPageTest" time="7.062" errors="0" timestamp="2023-10-27T15:19:28 IST" skipped="0">
  <testcase classname="Com.QA.test.LoginPageTest" name="LoginPage_Title_Test" time="1.142"/>
  <system-out/>
  <testcase classname="Com.QA.test.LoginPageTest" name="LoginPage_Url_Test" time="0.001"/>
  <system-out/>
  <testcase classname="Com.QA.test.LoginPageTest" name="LoginPage_Hedaer_Test" time="0.043"/>
  <system-out/>
  <testcase classname="Com.QA.test.LoginPageTest" name="LoginPage_links_Test" time="1.677"/>
  <system-out/>
  <testcase classname="Com.QA.test.LoginPageTest" name="LoginPage_AccountInfo_Test" time="0.015"/>
  <system-out/>
  <testcase classname="Com.QA.test.LoginPageTest" name="LoginPage_FooterLinks_Test" time="1.055"/>
  <system-out/>
  <testcase classname="Com.QA.test.LoginPageTest" name="LoginPage_Login_Test" time="3.129"/>
  <system-out/>
</testsuite> <!-- Com.QA.test.LoginPageTest -->
