<?xml version="1.0" encoding="UTF-8"?>
<!-- Generated by org.testng.reporters.JUnitReportReporter -->
<testsuite hostname="DESKTOP-N3LRL61" failures="0" tests="32" name="Com.QA.test.TestClass" time="37.016" errors="0" timestamp="2023-10-27T14:59:35 IST" skipped="0">
  <testcase classname="Com.QA.test.TestClass" name="HomePage_Title_Test" time="0.014"/>
  <system-out/>
  <testcase classname="Com.QA.test.TestClass" name="HomePage_Url_Test" time="0.001"/>
  <system-out/>
  <testcase classname="Com.QA.test.TestClass" name="HomePage_Logo_Test" time="0.058"/>
  <system-out/>
  <testcase classname="Com.QA.test.TestClass" name="HomePage_Links_Test" time="0.746"/>
  <system-out/>
  <testcase classname="Com.QA.test.TestClass" name="HomePage_Products_Test" time="1.082"/>
  <system-out/>
  <testcase classname="Com.QA.test.TestClass" name="HomePage_Footer_Test" time="1.662"/>
  <system-out/>
  <testcase classname="Com.QA.test.TestClass" name="HomePage_HeaderLinks_Test" time="1.249"/>
  <system-out/>
  <testcase classname="Com.QA.test.TestClass" name="LoginPage_Title_Test" time="1.075"/>
  <system-out/>
  <testcase classname="Com.QA.test.TestClass" name="LoginPage_Url_Test" time="0.001"/>
  <system-out/>
  <testcase classname="Com.QA.test.TestClass" name="LoginPage_Hedaer_Test" time="0.033"/>
  <system-out/>
  <testcase classname="Com.QA.test.TestClass" name="LoginPage_links_Test" time="1.599"/>
  <system-out/>
  <testcase classname="Com.QA.test.TestClass" name="LoginPage_AccountInfo_Test" time="0.017"/>
  <system-out/>
  <testcase classname="Com.QA.test.TestClass" name="LoginPage_FooterLinks_Test" time="1.079"/>
  <system-out/>
  <testcase classname="Com.QA.test.TestClass" name="LoginPage_Login_Test" time="3.139"/>
  <system-out/>
  <testcase classname="Com.QA.test.TestClass" name="AddToCartPage_Title_Test" time="1.164"/>
  <system-out/>
  <testcase classname="Com.QA.test.TestClass" name="AddToCartPage_Url_Test" time="0.001"/>
  <system-out/>
  <testcase classname="Com.QA.test.TestClass" name="AddToCartPage_ProDuctOverview_Test" time="1.304"/>
  <system-out/>
  <testcase classname="Com.QA.test.TestClass" name="AddToCartPage_ProDuctSpecification_Test" time="1.032"/>
  <system-out/>
  <testcase classname="Com.QA.test.TestClass" name="AddToCartPage_ProDuctInfo_Test" time="0.009"/>
  <system-out/>
  <testcase classname="Com.QA.test.TestClass" name="AddToCartPage_ProDuctPrice_Test" time="0.009"/>
  <system-out/>
  <testcase classname="Com.QA.test.TestClass" name="AddToCartPage_Links_Test" time="1.081"/>
  <system-out/>
  <testcase classname="Com.QA.test.TestClass" name="AddToCartPage_Footer_Links_Test" time="1.084"/>
  <system-out/>
  <testcase classname="Com.QA.test.TestClass" name="AddToCartPage_Click_on_AddtoCart_Button_Test" time="2.157"/>
  <system-out/>
  <testcase classname="Com.QA.test.TestClass" name="Checkout_Page_TitleTest" time="0.009"/>
  <system-out/>
  <testcase classname="Com.QA.test.TestClass" name="Checkout_Page_UrlTest" time="0.001"/>
  <system-out/>
  <testcase classname="Com.QA.test.TestClass" name="Checkout_Page_EstimateShipping_Test" time="5.339"/>
  <system-out/>
  <testcase classname="Com.QA.test.TestClass" name="Checkout_Page_Product_Price_Test" time="1.032"/>
  <system-out/>
  <testcase classname="Com.QA.test.TestClass" name="Checkout_Page_Product_InCart_Test" time="0.005"/>
  <system-out/>
  <testcase classname="Com.QA.test.TestClass" name="Checkout_Page_Checkout_Click_Test" time="2.636"/>
  <system-out/>
  <testcase classname="Com.QA.test.TestClass" name="Address_Page_Title_Test" time="0.016"/>
  <system-out/>
  <testcase classname="Com.QA.test.TestClass" name="Address_Page_Url_Test" time="0.001"/>
  <system-out/>
  <testcase classname="Com.QA.test.TestClass" name="Address_Page_Address_Data_Test" time="8.381"/>
  <system-out/>
</testsuite> <!-- Com.QA.test.TestClass -->
