<?xml version="1.0" encoding="UTF-8"?>
<!-- Generated by org.testng.reporters.JUnitReportReporter -->
<testsuite hostname="DESKTOP-N3LRL61" failures="0" tests="3" name="Com.QA.test.AddressPageTest" time="30.030" errors="1" timestamp="2023-10-27T15:19:28 IST" skipped="0">
  <testcase classname="Com.QA.test.AddressPageTest" name="Address_Page_Title_Test" time="0.012"/>
  <system-out/>
  <testcase classname="Com.QA.test.AddressPageTest" name="Address_Page_Url_Test" time="0.001"/>
  <system-out/>
  <testcase classname="Com.QA.test.AddressPageTest" name="Address_Page_Address_Data_Test" time="30.017">
    <error message="Error {
  message=&#039;Timeout 30000ms exceeded.
=========================== logs ===========================
waiting for selector &quot;input#BillingNewAddress_Company&quot;
============================================================
  name=&#039;TimeoutError
  stack=&#039;TimeoutError: Timeout 30000ms exceeded.
=========================== logs ===========================
waiting for selector &quot;input#BillingNewAddress_Company&quot;
============================================================
    at ProgressController.run (C:\Users\HP\AppData\Local\Temp\playwright-java-16906651620572142912\package\lib\server\progress.js:96:26)
    at Frame.fill (C:\Users\HP\AppData\Local\Temp\playwright-java-16906651620572142912\package\lib\server\frames.js:1242:23)
    at FrameDispatcher.fill (C:\Users\HP\AppData\Local\Temp\playwright-java-16906651620572142912\package\lib\server\dispatchers\frameDispatcher.js:189:30)
    at DispatcherConnection.dispatch (C:\Users\HP\AppData\Local\Temp\playwright-java-16906651620572142912\package\lib\server\dispatchers\dispatcher.js:397:46)
}" type="com.microsoft.playwright.TimeoutError">
      <![CDATA[com.microsoft.playwright.TimeoutError: Error {
  message='Timeout 30000ms exceeded.
=========================== logs ===========================
waiting for selector "input#BillingNewAddress_Company"
============================================================
  name='TimeoutError
  stack='TimeoutError: Timeout 30000ms exceeded.
=========================== logs ===========================
waiting for selector "input#BillingNewAddress_Company"
============================================================
    at ProgressController.run (C:\Users\HP\AppData\Local\Temp\playwright-java-16906651620572142912\package\lib\server\progress.js:96:26)
    at Frame.fill (C:\Users\HP\AppData\Local\Temp\playwright-java-16906651620572142912\package\lib\server\frames.js:1242:23)
    at FrameDispatcher.fill (C:\Users\HP\AppData\Local\Temp\playwright-java-16906651620572142912\package\lib\server\dispatchers\frameDispatcher.js:189:30)
    at DispatcherConnection.dispatch (C:\Users\HP\AppData\Local\Temp\playwright-java-16906651620572142912\package\lib\server\dispatchers\dispatcher.js:397:46)
}
at com.microsoft.playwright.impl.WaitableResult.get(WaitableResult.java:52)
at com.microsoft.playwright.impl.ChannelOwner.runUntil(ChannelOwner.java:109)
at com.microsoft.playwright.impl.Connection.sendMessage(Connection.java:108)
at com.microsoft.playwright.impl.ChannelOwner.sendMessage(ChannelOwner.java:100)
at com.microsoft.playwright.impl.FrameImpl.fillImpl(FrameImpl.java:338)
at com.microsoft.playwright.impl.FrameImpl.lambda$fill$15(FrameImpl.java:328)
at com.microsoft.playwright.impl.LoggingSupport.lambda$withLogging$0(LoggingSupport.java:36)
at com.microsoft.playwright.impl.LoggingSupport.withLogging(LoggingSupport.java:47)
at com.microsoft.playwright.impl.ChannelOwner.withLogging(ChannelOwner.java:85)
at com.microsoft.playwright.impl.LoggingSupport.withLogging(LoggingSupport.java:35)
at com.microsoft.playwright.impl.FrameImpl.fill(FrameImpl.java:328)
at com.microsoft.playwright.impl.LocatorImpl.fill(LocatorImpl.java:203)
at com.microsoft.playwright.Locator.fill(Locator.java:2108)
at Com.QA.Pages.AddressPage.FillingAddressPageData(AddressPage.java:31)
at Com.QA.test.AddressPageTest.Address_Page_Address_Data_Test(AddressPageTest.java:26)
at java.base/jdk.internal.reflect.NativeMethodAccessorImpl.invoke0(Native Method)
at java.base/jdk.internal.reflect.NativeMethodAccessorImpl.invoke(NativeMethodAccessorImpl.java:77)
at java.base/jdk.internal.reflect.DelegatingMethodAccessorImpl.invoke(DelegatingMethodAccessorImpl.java:43)
at java.base/java.lang.reflect.Method.invoke(Method.java:568)
at org.testng.internal.MethodInvocationHelper.invokeMethod(MethodInvocationHelper.java:133)
at org.testng.internal.TestInvoker.invokeMethod(TestInvoker.java:598)
at org.testng.internal.TestInvoker.invokeTestMethod(TestInvoker.java:173)
at org.testng.internal.MethodRunner.runInSequence(MethodRunner.java:46)
at org.testng.internal.TestInvoker$MethodInvocationAgent.invoke(TestInvoker.java:824)
at org.testng.internal.TestInvoker.invokeTestMethods(TestInvoker.java:146)
at org.testng.internal.TestMethodWorker.invokeTestMethods(TestMethodWorker.java:146)
at org.testng.internal.TestMethodWorker.run(TestMethodWorker.java:128)
at java.base/java.util.ArrayList.forEach(ArrayList.java:1511)
at org.testng.TestRunner.privateRun(TestRunner.java:794)
at org.testng.TestRunner.run(TestRunner.java:596)
at org.testng.SuiteRunner.runTest(SuiteRunner.java:377)
at org.testng.SuiteRunner.runSequentially(SuiteRunner.java:371)
at org.testng.SuiteRunner.privateRun(SuiteRunner.java:332)
at org.testng.SuiteRunner.run(SuiteRunner.java:276)
at org.testng.SuiteRunnerWorker.runSuite(SuiteRunnerWorker.java:53)
at org.testng.SuiteRunnerWorker.run(SuiteRunnerWorker.java:96)
at org.testng.TestNG.runSuitesSequentially(TestNG.java:1212)
at org.testng.TestNG.runSuitesLocally(TestNG.java:1134)
at org.testng.TestNG.runSuites(TestNG.java:1063)
at org.testng.TestNG.run(TestNG.java:1031)
at org.testng.remote.AbstractRemoteTestNG.run(AbstractRemoteTestNG.java:115)
at org.testng.remote.RemoteTestNG.initAndRun(RemoteTestNG.java:251)
at org.testng.remote.RemoteTestNG.main(RemoteTestNG.java:77)
Caused by: com.microsoft.playwright.TimeoutError: Error {
  message='Timeout 30000ms exceeded.
=========================== logs ===========================
waiting for selector "input#BillingNewAddress_Company"
============================================================
  name='TimeoutError
  stack='TimeoutError: Timeout 30000ms exceeded.
=========================== logs ===========================
waiting for selector "input#BillingNewAddress_Company"
============================================================
    at ProgressController.run (C:\Users\HP\AppData\Local\Temp\playwright-java-16906651620572142912\package\lib\server\progress.js:96:26)
    at Frame.fill (C:\Users\HP\AppData\Local\Temp\playwright-java-16906651620572142912\package\lib\server\frames.js:1242:23)
    at FrameDispatcher.fill (C:\Users\HP\AppData\Local\Temp\playwright-java-16906651620572142912\package\lib\server\dispatchers\frameDispatcher.js:189:30)
    at DispatcherConnection.dispatch (C:\Users\HP\AppData\Local\Temp\playwright-java-16906651620572142912\package\lib\server\dispatchers\dispatcher.js:397:46)
}
at com.microsoft.playwright.impl.Connection.dispatch(Connection.java:188)
at com.microsoft.playwright.impl.Connection.processOneMessage(Connection.java:170)
at com.microsoft.playwright.impl.ChannelOwner.runUntil(ChannelOwner.java:107)
... 41 more
]]>
    </error>
  </testcase> <!-- Address_Page_Address_Data_Test -->
  <system-out/>
</testsuite> <!-- Com.QA.test.AddressPageTest -->
