<?xml version="1.0" encoding="UTF-8"?>
<!-- Generated by org.testng.reporters.JUnitReportReporter -->
<testsuite hostname="DESKTOP-N3LRL61" failures="0" tests="7" name="Com.QA.test.HomePageTest" time="4.735" errors="0" timestamp="2023-10-27T15:19:28 IST" skipped="0">
  <testcase classname="Com.QA.test.HomePageTest" name="HomePage_Title_Test" time="0.014"/>
  <system-out/>
  <testcase classname="Com.QA.test.HomePageTest" name="HomePage_Url_Test" time="0.002"/>
  <system-out/>
  <testcase classname="Com.QA.test.HomePageTest" name="HomePage_Logo_Test" time="0.064"/>
  <system-out/>
  <testcase classname="Com.QA.test.HomePageTest" name="HomePage_Links_Test" time="0.653"/>
  <system-out/>
  <testcase classname="Com.QA.test.HomePageTest" name="HomePage_Products_Test" time="1.110"/>
  <system-out/>
  <testcase classname="Com.QA.test.HomePageTest" name="HomePage_Footer_Test" time="1.641"/>
  <system-out/>
  <testcase classname="Com.QA.test.HomePageTest" name="HomePage_HeaderLinks_Test" time="1.251"/>
  <system-out/>
</testsuite> <!-- Com.QA.test.HomePageTest -->
