<?xml version="1.0" encoding="UTF-8"?>
<!-- Generated by org.testng.reporters.JUnitReportReporter -->
<testsuite hostname="DESKTOP-N3LRL61" failures="0" tests="9" name="Com.QA.test.AddToCartPageTest" time="8.056" errors="0" timestamp="2023-10-27T15:19:28 IST" skipped="0">
  <testcase classname="Com.QA.test.AddToCartPageTest" name="AddToCartPage_Title_Test" time="1.173"/>
  <system-out/>
  <testcase classname="Com.QA.test.AddToCartPageTest" name="AddToCartPage_Url_Test" time="0.001"/>
  <system-out/>
  <testcase classname="Com.QA.test.AddToCartPageTest" name="AddToCartPage_ProDuctOverview_Test" time="1.544"/>
  <system-out/>
  <testcase classname="Com.QA.test.AddToCartPageTest" name="AddToCartPage_ProDuctSpecification_Test" time="1.036"/>
  <system-out/>
  <testcase classname="Com.QA.test.AddToCartPageTest" name="AddToCartPage_ProDuctInfo_Test" time="0.011"/>
  <system-out/>
  <testcase classname="Com.QA.test.AddToCartPageTest" name="AddToCartPage_ProDuctPrice_Test" time="0.010"/>
  <system-out/>
  <testcase classname="Com.QA.test.AddToCartPageTest" name="AddToCartPage_Links_Test" time="1.055"/>
  <system-out/>
  <testcase classname="Com.QA.test.AddToCartPageTest" name="AddToCartPage_Footer_Links_Test" time="1.062"/>
  <system-out/>
  <testcase classname="Com.QA.test.AddToCartPageTest" name="AddToCartPage_Click_on_AddtoCart_Button_Test" time="2.164"/>
  <system-out/>
</testsuite> <!-- Com.QA.test.AddToCartPageTest -->
